> Total time: 7.672000 s
--------------------------------------------------------------------------------------
| FILE                : FUNCTION                    : LINE   : TIME   : %     : #    |
--------------------------------------------------------------------------------------
| .\knucklefish       : search                      :   427  : 7.6260 : 99.4  :   30 |
| .\knucklefish       : max                         :   394  : 7.5780 : 98.8  :   30 |
| .\knucklefish       : min                         :   377  : 7.3340 : 95.6  :  792 |
| .\knucklefish       : genMoves                    :   198  : 5.2900 : 69.0  :  822 |
| .\knucklefish       : isupper                     :   132  : 1.1570 : 15.1  : 151679|
| .\knucklefish       : value                       :   329  : 0.9940 : 13.0  : 22980|
| .\knucklefish       : swapcase                    :   165  : 0.9520 : 12.4  :  852 |
| .\knucklefish       : isspace                     :   124  : 0.3040 : 4.0   : 65181|
| .\knucklefish       : islower                     :   139  : 0.1620 : 2.1   : 30947|
| .\knucklefish       : new                         :   176  : 0.0750 : 1.0   : 1704 |
| .\knucklefish       : put                         :   281  : 0.0380 : 0.5   : 1716 |
| .\knucklefish       : Anon                        :   372  : 0.0160 : 0.2   : 3488 |
| .\knucklefish       : stripWhite                  :   363  : 0.0080 : 0.1   :   60 |
| .\knucklefish       : convmove                    :   463  : 0.0010 : 0.0   :   90 |
--------------------------------------------------------------------------------------
| .\knucklefish       : not_repeated                :   410  : ~      : ~     :   30 |
| .\knucklefish       : rotate                      :   273  : ~      : ~     :  852 |
| .\knucklefish       : move                        :   277  : ~      : ~     :  852 |
| .\profiler          : stop                        :   225  : ~      : ~     :    1 |
--------------------------------------------------------------------------------------
